<?xml version="1.0" encoding="UTF-8"?>
<!-- Generated by org.testng.reporters.JUnitReportReporter -->
<testsuite hostname="TYC1121225" failures="0" tests="2" name="testNG.ToVerifyGoogleInChromeAndEdge" time="23.336" errors="0" timestamp="2023-05-29T13:51:38 IST" skipped="0">
  <testcase classname="testNG.ToVerifyGoogleInChromeAndEdge" name="toVerifyGoogle" time="11.185"/>
  <system-out/>
  <testcase classname="testNG.ToVerifyGoogleInChromeAndEdge" name="toVerifyGoogle" time="12.151"/>
  <system-out/>
</testsuite> <!-- testNG.ToVerifyGoogleInChromeAndEdge -->
