<?xml version="1.0" encoding="UTF-8"?>
<!-- Generated by org.testng.reporters.JUnitReportReporter -->
<testsuite hostname="TYC1121225" failures="0" tests="1" name="testNG.ToVerifyCustomer" time="0.012" errors="0" timestamp="2023-05-30T13:47:23 IST" skipped="0">
  <testcase classname="testNG.ToVerifyCustomer" name="demo1" time="0.012"/>
  <system-out/>
</testsuite> <!-- testNG.ToVerifyCustomer -->
