<?xml version="1.0" encoding="UTF-8"?>
<!-- Generated by org.testng.reporters.JUnitReportReporter -->
<testsuite hostname="TYC1121225" failures="0" tests="4" name="testNG.C" time="0.011" errors="0" timestamp="2023-05-26T14:20:26 IST" skipped="0">
  <testcase classname="testNG.C" name="b" time="0.001"/>
  <system-out/>
  <testcase classname="testNG.C" name="a" time="0.007"/>
  <system-out/>
  <testcase classname="testNG.C" name="c" time="0.002"/>
  <system-out/>
  <testcase classname="testNG.C" name="a" time="0.001"/>
  <system-out/>
</testsuite> <!-- testNG.C -->
