<?xml version="1.0" encoding="UTF-8"?>
<!-- Generated by org.testng.reporters.JUnitReportReporter -->
<testsuite hostname="TYC1121225" failures="0" tests="1" name="testNG.G" time="0.002" errors="0" timestamp="2023-05-26T14:30:08 IST" skipped="0">
  <testcase classname="testNG.G" name="sentMail" time="0.002"/>
  <system-out/>
</testsuite> <!-- testNG.G -->
