<?xml version="1.0" encoding="UTF-8"?>
<!-- Generated by org.testng.reporters.JUnitReportReporter -->
<testsuite hostname="TYC1121225" failures="0" tests="1" name="BasicTestscript.ToVerifyHomePage" time="6.428" errors="0" timestamp="2023-05-30T14:04:16 IST" skipped="0">
  <testcase classname="BasicTestscript.ToVerifyHomePage" name="verifyHomePageTest" time="6.428"/>
  <system-out/>
</testsuite> <!-- BasicTestscript.ToVerifyHomePage -->
