<?xml version="1.0" encoding="UTF-8"?>
<!-- Generated by org.testng.reporters.JUnitReportReporter -->
<testsuite hostname="TYC1121225" failures="0" tests="1" name="testNG.F" time="0.006" errors="0" timestamp="2023-05-26T14:30:08 IST" skipped="0">
  <testcase classname="testNG.F" name="compose" time="0.006"/>
  <system-out/>
</testsuite> <!-- testNG.F -->
