<?xml version="1.0" encoding="UTF-8"?>
<!-- Generated by org.testng.reporters.JUnitReportReporter -->
<testsuite hostname="TYC1121225" failures="0" tests="1" name="testNG.ToVerifyHomePage" time="0.003" errors="0" timestamp="2023-05-30T13:47:23 IST" skipped="0">
  <testcase classname="testNG.ToVerifyHomePage" name="demo" time="0.003"/>
  <system-out/>
</testsuite> <!-- testNG.ToVerifyHomePage -->
