<?xml version="1.0" encoding="UTF-8"?>
<!-- Generated by org.testng.reporters.JUnitReportReporter -->
<testsuite hostname="TYC1121225" failures="0" tests="3" name="testNG.B" time="0.004" errors="0" timestamp="2023-05-26T14:20:26 IST" skipped="0">
  <testcase classname="testNG.B" name="prakash" time="0.001"/>
  <system-out/>
  <testcase classname="testNG.B" name="vikas" time="0.001"/>
  <system-out/>
  <testcase classname="testNG.B" name="akash" time="0.002"/>
  <system-out/>
</testsuite> <!-- testNG.B -->
