<?xml version="1.0" encoding="UTF-8"?>
<!-- Generated by org.testng.reporters.JUnitReportReporter -->
<testsuite hostname="TYC1121225" failures="0" tests="1" name="testNG.ToVerifyFacebook" time="10.294" errors="0" timestamp="2023-05-29T13:22:53 IST" skipped="0">
  <testcase classname="testNG.ToVerifyFacebook" name="toVerifyFacebook" time="10.294"/>
  <system-out/>
</testsuite> <!-- testNG.ToVerifyFacebook -->
